272
297
40
printf: int()
41
59
272
297
40
272
297
x: int
44
272
42
297
y: int *
foo: int()
41
123
272
297
91
298
a: int[10]
93
44
297
i: int
44
42
297
p: int *
59
259
297
d: char
44
42
297
s: char *
59
297
61
38
297
59
297
61
38
297
59
297
61
38
297
91
298
93
59
297
61
38
297
59
297
61
298
59
297
61
297
59
297
61
297
59
297
91
298
93
61
297
59
297
91
297
93
61
297
59
297
40
298
41
59
297
40
299
41
59
297
61
38
297
59
42
297
61
298
59
42
297
61
298
59
297
61
297
43
298
59
297
61
40
297
60
297
left: int *
right: int()
41
59
38
297
61
297
59
297
40
297
44
297
char
int
int[10]
int *
41
59
297
40
298
44
298
44
298
41
59
297
61
297
40
297
44
297
char
int
int[10]
int *
41
59
297
61
297
40
297
44
297
char
int
int[10]
int *
41
59
125
